<?xml version="1.0" encoding="UTF-8"?>
<testng-results skipped="0" failed="0" total="1" passed="1">
  <reporter-output>
  </reporter-output>
  <suite name="Default suite" duration-ms="53035" started-at="2020-04-10T19:47:00Z" finished-at="2020-04-10T19:47:53Z">
    <groups>
      <group name="cucumber">
        <method signature="MyRunner.feature(cucumber.api.testng.CucumberFeatureWrapper)[pri:0, instance:MyRunner.MyRunner@6a01e23]" name="feature" class="MyRunner.MyRunner"/>
      </group> <!-- cucumber -->
    </groups>
    <test name="Default test" duration-ms="53035" started-at="2020-04-10T19:47:00Z" finished-at="2020-04-10T19:47:53Z">
      <class name="MyRunner.MyRunner">
        <test-method status="PASS" signature="setUpClass()[pri:0, instance:MyRunner.MyRunner@6a01e23]" name="setUpClass" is-config="true" duration-ms="1169" started-at="2020-04-11T01:17:00Z" finished-at="2020-04-11T01:17:01Z">
          <reporter-output>
          </reporter-output>
        </test-method> <!-- setUpClass -->
        <test-method status="PASS" signature="feature(cucumber.api.testng.CucumberFeatureWrapper)[pri:0, instance:MyRunner.MyRunner@6a01e23]" name="feature" duration-ms="51316" started-at="2020-04-11T01:17:02Z" description="Runs Cucumber Feature" data-provider="features" finished-at="2020-04-11T01:17:53Z">
          <params>
            <param index="0">
              <value>
                <![CDATA[Deals Page feature]]>
              </value>
            </param>
          </params>
          <reporter-output>
          </reporter-output>
        </test-method> <!-- feature -->
        <test-method status="PASS" signature="tearDownClass()[pri:0, instance:MyRunner.MyRunner@6a01e23]" name="tearDownClass" is-config="true" duration-ms="120" started-at="2020-04-11T01:17:53Z" finished-at="2020-04-11T01:17:53Z">
          <reporter-output>
          </reporter-output>
        </test-method> <!-- tearDownClass -->
      </class> <!-- MyRunner.MyRunner -->
    </test> <!-- Default test -->
  </suite> <!-- Default suite -->
</testng-results>
